<?xml version="1.0" encoding="UTF-8"?>
<!-- Generated by org.testng.reporters.JUnitReportReporter -->
<testsuite hostname="RA-LR2M5KM-L" failures="0" tests="2" name="Mainclass.main1" time="55.684" errors="0" timestamp="2021-06-12T14:33:27 IST" skipped="0">
  <testcase classname="Mainclass.main1" name="PersonalsLoans" time="22.804"/>
  <system-out/>
  <testcase classname="Mainclass.main1" name="InstasavingAccount" time="32.880"/>
  <system-out/>
</testsuite> <!-- Mainclass.main1 -->
