<?xml version="1.0" encoding="UTF-8"?>
<!-- Generated by org.testng.reporters.JUnitReportReporter -->
<testsuite hostname="RA-LR2M5KM-L" failures="0" tests="2" name="Mainclass.test2" time="19.191" errors="0" timestamp="2021-06-08T14:58:04 IST" skipped="0">
  <testcase classname="Mainclass.test2" name="invest" time="6.792"/>
  <system-out/>
  <testcase classname="Mainclass.test2" name="Miscellaneous" time="12.399"/>
  <system-out/>
</testsuite> <!-- Mainclass.test2 -->
