<?xml version="1.0" encoding="UTF-8"?>
<!-- Generated by org.testng.reporters.JUnitReportReporter -->
<testsuite hostname="RA-LR2M5KM-L" failures="0" tests="4" name="main.Testclass2" time="22.825" errors="0" timestamp="2021-06-17T16:14:57 IST" skipped="0">
  <testcase classname="main.Testclass2" name="workschedule" time="5.101"/>
  <system-out/>
  <testcase classname="main.Testclass2" name="verifyreports" time="6.187"/>
  <system-out/>
  <testcase classname="main.Testclass2" name="verifyreports" time="5.336"/>
  <system-out/>
  <testcase classname="main.Testclass2" name="workschedule" time="6.201"/>
  <system-out/>
</testsuite> <!-- main.Testclass2 -->
