<?xml version="1.0" encoding="UTF-8"?>
<!-- Generated by org.testng.reporters.JUnitReportReporter -->
<testsuite hostname="RA-LR2M5KM-L" failures="0" tests="2" name="Pomclass.main" time="12.220" errors="0" timestamp="2021-06-02T21:34:54 IST" skipped="0">
  <testcase classname="Pomclass.main" name="verifyuser" time="4.718"/>
  <system-out/>
  <testcase classname="Pomclass.main" name="verifytask" time="7.502"/>
  <system-out/>
</testsuite> <!-- Pomclass.main -->
