<?xml version="1.0" encoding="UTF-8"?>
<!-- Generated by org.testng.reporters.JUnitReportReporter -->
<testsuite hostname="RA-LR2M5KM-L" failures="0" tests="4" name="main.mainclass" time="29.610" errors="0" timestamp="2021-06-17T16:14:57 IST" skipped="0">
  <testcase classname="main.mainclass" name="verifyuser" time="7.809"/>
  <system-out/>
  <testcase classname="main.mainclass" name="verifyuser" time="4.954"/>
  <system-out/>
  <testcase classname="main.mainclass" name="verifytask" time="8.765"/>
  <system-out/>
  <testcase classname="main.mainclass" name="verifytask" time="8.082"/>
  <system-out/>
</testsuite> <!-- main.mainclass -->
