<?xml version="1.0" encoding="UTF-8"?>
<!-- Generated by org.testng.reporters.JUnitReportReporter -->
<testsuite hostname="RA-LR2M5KM-L" failures="0" tests="2" name="Test.test1" time="19.018" errors="0" timestamp="2021-06-18T01:16:08 IST" skipped="0">
  <testcase classname="Test.test1" name="VerifyLoginpage" time="13.009"/>
  <system-out/>
  <testcase classname="Test.test1" name="VerifyLoginpage" time="6.009"/>
  <system-out/>
</testsuite> <!-- Test.test1 -->
