<?xml version="1.0" encoding="UTF-8"?>
<!-- Generated by org.testng.reporters.JUnitReportReporter -->
<testsuite hostname="RA-LR2M5KM-L" failures="0" tests="1" name="Test.test2" time="0.000" errors="0" timestamp="2021-06-21T11:29:38 IST" skipped="1">
  <testcase classname="Test.test2" name="LaunchApp" time="0.000">
    <skipped/>
  </testcase> <!-- LaunchApp -->
  <system-out/>
</testsuite> <!-- Test.test2 -->
