<?xml version="1.0" encoding="UTF-8"?>
<!-- Generated by org.testng.reporters.JUnitReportReporter -->
<testsuite hostname="RA-LR2M5KM-L" failures="0" tests="2" name="Test.test2" time="47.179" errors="0" timestamp="2021-06-18T01:16:08 IST" skipped="0">
  <testcase classname="Test.test2" name="LaunchApp" time="23.788"/>
  <system-out/>
  <testcase classname="Test.test2" name="LaunchApp" time="23.391"/>
  <system-out/>
</testsuite> <!-- Test.test2 -->
