<?xml version="1.0" encoding="UTF-8"?>
<!-- Generated by org.testng.reporters.JUnitReportReporter -->
<testsuite hostname="RA-LR2M5KM-L" failures="0" tests="2" name="Main.mainclass" time="44.023" errors="0" timestamp="2021-06-09T11:51:32 IST" skipped="0">
  <testcase classname="Main.mainclass" name="bestseller" time="19.179"/>
  <system-out/>
  <testcase classname="Main.mainclass" name="samsung" time="24.844"/>
  <system-out/>
</testsuite> <!-- Main.mainclass -->
